Using pre-set license
Built from '2022.3/staging' branch; Version is '2022.3.62f1 (4af31df58517) revision 4911901'; Using compiler version '192829333'; Build Type 'Release'
OS: 'Windows 11  (10.0.26100) 64bit CoreSingleLanguage' Language: 'es' Physical Memory: 7991 MB
BatchMode: 1, IsHumanControllingUs: 0, StartBugReporterOnCrash: 0, Is64bit: 1, IsPro: 1

COMMAND LINE ARGUMENTS:
C:\Program Files\Unity\Hub\Editor\2022.3.62f1\Editor\Unity.exe
-adb2
-batchMode
-noUpm
-name
AssetImportWorker0
-projectPath
D:/Ing CC/Semestres/4 Primavera 2025/Graficaci贸n/MarioBuap
-logFile
Logs/AssetImportWorker0.log
-srvPort
19570
Successfully changed project path to: D:/Ing CC/Semestres/4 Primavera 2025/Graficaci贸n/MarioBuap
D:/Ing CC/Semestres/4 Primavera 2025/Graficaci贸n/MarioBuap
[UnityMemory] Configuration Parameters - Can be set up in boot.config
    "memorysetup-bucket-allocator-granularity=16"
    "memorysetup-bucket-allocator-bucket-count=8"
    "memorysetup-bucket-allocator-block-size=33554432"
    "memorysetup-bucket-allocator-block-count=8"
    "memorysetup-main-allocator-block-size=16777216"
    "memorysetup-thread-allocator-block-size=16777216"
    "memorysetup-gfx-main-allocator-block-size=16777216"
    "memorysetup-gfx-thread-allocator-block-size=16777216"
    "memorysetup-cache-allocator-block-size=4194304"
    "memorysetup-typetree-allocator-block-size=2097152"
    "memorysetup-profiler-bucket-allocator-granularity=16"
    "memorysetup-profiler-bucket-allocator-bucket-count=8"
    "memorysetup-profiler-bucket-allocator-block-size=33554432"
    "memorysetup-profiler-bucket-allocator-block-count=8"
    "memorysetup-profiler-allocator-block-size=16777216"
    "memorysetup-profiler-editor-allocator-block-size=1048576"
    "memorysetup-temp-allocator-size-main=16777216"
    "memorysetup-job-temp-allocator-block-size=2097152"
    "memorysetup-job-temp-allocator-block-size-background=1048576"
    "memorysetup-job-temp-allocator-reduction-small-platforms=262144"
    "memorysetup-allocator-temp-initial-block-size-main=262144"
    "memorysetup-allocator-temp-initial-block-size-worker=262144"
    "memorysetup-temp-allocator-size-background-worker=32768"
    "memorysetup-temp-allocator-size-job-worker=262144"
    "memorysetup-temp-allocator-size-preload-manager=33554432"
    "memorysetup-temp-allocator-size-nav-mesh-worker=65536"
    "memorysetup-temp-allocator-size-audio-worker=65536"
    "memorysetup-temp-allocator-size-cloud-worker=32768"
    "memorysetup-temp-allocator-size-gi-baking-worker=262144"
    "memorysetup-temp-allocator-size-gfx=262144"
Player connection [812]  Target information:

Player connection [812]  * "[IP] 192.168.100.85 [Port] 0 [Flags] 2 [Guid] 3694738101 [EditorId] 3694738101 [Version] 1048832 [Id] WindowsEditor(7,LAPTOP-NQMSNSJC) [Debug] 1 [PackageName] WindowsEditor [ProjectName] Editor" 

Player connection [812] Host joined multi-casting on [225.0.0.222:54997]...
Player connection [812] Host joined alternative multi-casting on [225.0.0.222:34997]...
Input System module state changed to: Initialized.
[PhysX] Initialized MultithreadedTaskDispatcher with 8 workers.
Refreshing native plugins compatible for Editor in 2.82 ms, found 0 plugins.
Preloading 0 native plugins for Editor in 0.00 ms.
Initialize engine version: 2022.3.62f1 (4af31df58517)
[Subsystems] Discovering subsystems at path C:/Program Files/Unity/Hub/Editor/2022.3.62f1/Editor/Data/Resources/UnitySubsystems
[Subsystems] Discovering subsystems at path D:/Ing CC/Semestres/4 Primavera 2025/Graficaci贸n/MarioBuap/Assets
GfxDevice: creating device client; threaded=0; jobified=0
Direct3D:
    Version:  Direct3D 11.0 [level 11.1]
    Renderer: Intel(R) Iris(R) Xe Graphics (ID=0x9a49)
    Vendor:   Intel
    VRAM:     3995 MB
    Driver:   27.20.100.9565
Initialize mono
Mono path[0] = 'C:/Program Files/Unity/Hub/Editor/2022.3.62f1/Editor/Data/Managed'
Mono path[1] = 'C:/Program Files/Unity/Hub/Editor/2022.3.62f1/Editor/Data/MonoBleedingEdge/lib/mono/unityjit-win32'
Mono config path = 'C:/Program Files/Unity/Hub/Editor/2022.3.62f1/Editor/Data/MonoBleedingEdge/etc'
Using monoOptions --debugger-agent=transport=dt_socket,embedding=1,server=y,suspend=n,address=127.0.0.1:56636
Begin MonoManager ReloadAssembly
Registering precompiled unity dll's ...
Register platform support module: C:/Program Files/Unity/Hub/Editor/2022.3.62f1/Editor/Data/PlaybackEngines/WindowsStandaloneSupport/UnityEditor.WindowsStandalone.Extensions.dll
Registered in 0.050725 seconds.
- Loaded All Assemblies, in  0.657 seconds
Native extension for WindowsStandalone target not found
Mono: successfully reloaded assembly
- Finished resetting the current domain, in  0.447 seconds
Domain Reload Profiling: 1102ms
	BeginReloadAssembly (226ms)
		ExecutionOrderSort (0ms)
		DisableScriptedObjects (0ms)
		BackupInstance (0ms)
		ReleaseScriptingObjects (0ms)
		CreateAndSetChildDomain (1ms)
	RebuildCommonClasses (52ms)
	RebuildNativeTypeToScriptingClass (15ms)
	initialDomainReloadingComplete (149ms)
	LoadAllAssembliesAndSetupDomain (212ms)
		LoadAssemblies (222ms)
		RebuildTransferFunctionScriptingTraits (0ms)
		AnalyzeDomain (210ms)
			TypeCache.Refresh (208ms)
				TypeCache.ScanAssembly (190ms)
			ScanForSourceGeneratedMonoScriptInfo (0ms)
			ResolveRequiredComponents (0ms)
	FinalizeReload (448ms)
		ReleaseScriptCaches (0ms)
		RebuildScriptCaches (0ms)
		SetupLoadedEditorAssemblies (377ms)
			LogAssemblyErrors (0ms)
			InitializePlatformSupportModulesInManaged (14ms)
			SetLoadedEditorAssemblies (11ms)
			RefreshPlugins (0ms)
			BeforeProcessingInitializeOnLoad (4ms)
			ProcessInitializeOnLoadAttributes (273ms)
			ProcessInitializeOnLoadMethodAttributes (74ms)
			AfterProcessingInitializeOnLoad (0ms)
			EditorAssembliesLoaded (0ms)
		ExecutionOrderSort2 (0ms)
		AwakeInstancesAfterBackupRestoration (0ms)
========================================================================
Worker process is ready to serve import requests
Caller must complete domain reload
Begin MonoManager ReloadAssembly
- Loaded All Assemblies, in  0.592 seconds
Native extension for WindowsStandalone target not found
Mono: successfully reloaded assembly
- Finished resetting the current domain, in  0.627 seconds
Domain Reload Profiling: 1217ms
	BeginReloadAssembly (192ms)
		ExecutionOrderSort (0ms)
		DisableScriptedObjects (9ms)
		BackupInstance (0ms)
		ReleaseScriptingObjects (0ms)
		CreateAndSetChildDomain (32ms)
	RebuildCommonClasses (44ms)
	RebuildNativeTypeToScriptingClass (14ms)
	initialDomainReloadingComplete (51ms)
	LoadAllAssembliesAndSetupDomain (288ms)
		LoadAssemblies (339ms)
		RebuildTransferFunctionScriptingTraits (0ms)
		AnalyzeDomain (60ms)
			TypeCache.Refresh (52ms)
				TypeCache.ScanAssembly (35ms)
			ScanForSourceGeneratedMonoScriptInfo (7ms)
			ResolveRequiredComponents (1ms)
	FinalizeReload (628ms)
		ReleaseScriptCaches (0ms)
		RebuildScriptCaches (0ms)
		SetupLoadedEditorAssemblies (463ms)
			LogAssemblyErrors (0ms)
			InitializePlatformSupportModulesInManaged (8ms)
			SetLoadedEditorAssemblies (2ms)
			RefreshPlugins (0ms)
			BeforeProcessingInitializeOnLoad (70ms)
			ProcessInitializeOnLoadAttributes (324ms)
			ProcessInitializeOnLoadMethodAttributes (44ms)
			AfterProcessingInitializeOnLoad (14ms)
			EditorAssembliesLoaded (0ms)
		ExecutionOrderSort2 (0ms)
		AwakeInstancesAfterBackupRestoration (9ms)
Launched and connected shader compiler UnityShaderCompiler.exe after 0.08 seconds
Refreshing native plugins compatible for Editor in 1.02 ms, found 0 plugins.
Preloading 0 native plugins for Editor in 0.00 ms.
Unloading 822 Unused Serialized files (Serialized files now loaded: 0)
Unloading 14 unused Assets / (51.9 KB). Loaded Objects now: 1302.
Memory consumption went from 67.6 MB to 67.5 MB.
Total: 3.513800 ms (FindLiveObjects: 0.176300 ms CreateObjectMapping: 0.035800 ms MarkObjects: 3.132800 ms  DeleteObjects: 0.166700 ms)

AssetImportParameters requested are different than current active one (requested -> active):
  custom:video-encoder-webm-vp8: eb34c28f22e8b96e1ab97ce403110664 -> 
  custom:video-decoder-webm-vp8: 9c59270c3fd7afecdb556c50c9e8de78 -> 
  custom:audio-decoder-ogg-vorbis: bf7c407c2cedff20999df2af8eb42d56 -> 
  custom:SearchIndexIgnoredProperties: e643bd26f0fe6173181afceb89e7c659 -> 
  custom:container-demuxer-ogg: 62fdf1f143b41e24485cea50d1cbac27 -> 
  custom:AudioImporter_EditorPlatform: d09bf68614088b80899f8185d706f6e7 -> 
  custom:CustomObjectIndexerAttribute: 9a22284fe3817be447336de3de66b15e -> 
  custom:container-demuxer-webm: 4f35f7cbe854078d1ac9338744f61a02 -> 
  custom:video-codec-MediaFoundation-h265: 746d11721c4dcdbdad8f713fa42b33f4 -> 
  custom:video-decoder-ogg-theora: a1e56fd34408186e4bbccfd4996cb3dc -> 
  custom:audio-encoder-webm-vorbis: bf7c407c2cedff20999df2af8eb42d56 -> 
  custom:framework-win-MediaFoundation: 216162199b28c13a410421893ffa2e32 -> 
  custom:container-muxer-webm: aa71ff27fc2769a1b78a27578f13a17b -> 
========================================================================
Received Import Request.
  Time since last request: 81369.486193 seconds.
  path: Assets/Sprites/stage-1-1.png
  artifactKey: Guid(3fe3ba51876bbd446a420941583b5776) Importer(815301076,1909f56bfc062723c751e8b465ee728b)
Start importing Assets/Sprites/stage-1-1.png using Guid(3fe3ba51876bbd446a420941583b5776) Importer(815301076,1909f56bfc062723c751e8b465ee728b) [PhysX] Initialized MultithreadedTaskDispatcher with 8 workers.
[PhysX] Initialized MultithreadedTaskDispatcher with 8 workers.
 -> (artifact id: '57d2a646d8a684d04e68dea73124c7eb') in 0.137971 seconds
Number of updated asset objects reloaded before import = 0
Number of asset objects unloaded after import = 3
========================================================================
Received Import Request.
  Time since last request: 31.614411 seconds.
  path: Assets/Sprites/mario-3.png
  artifactKey: Guid(43e451b144549284aaa3f01e465b4c0b) Importer(815301076,1909f56bfc062723c751e8b465ee728b)
Start importing Assets/Sprites/mario-3.png using Guid(43e451b144549284aaa3f01e465b4c0b) Importer(815301076,1909f56bfc062723c751e8b465ee728b) [PhysX] Initialized MultithreadedTaskDispatcher with 8 workers.
[PhysX] Initialized MultithreadedTaskDispatcher with 8 workers.
 -> (artifact id: '8f4cef7f6771aaaffaeddde8948c06bc') in 0.061684 seconds
Number of updated asset objects reloaded before import = 0
Number of asset objects unloaded after import = 3
========================================================================
Received Import Request.
  Time since last request: 83.324385 seconds.
  path: Assets/Sprites/mario-3.png
  artifactKey: Guid(43e451b144549284aaa3f01e465b4c0b) Importer(815301076,1909f56bfc062723c751e8b465ee728b)
Start importing Assets/Sprites/mario-3.png using Guid(43e451b144549284aaa3f01e465b4c0b) Importer(815301076,1909f56bfc062723c751e8b465ee728b) [PhysX] Initialized MultithreadedTaskDispatcher with 8 workers.
[PhysX] Initialized MultithreadedTaskDispatcher with 8 workers.
 -> (artifact id: '07e023e676e9e418cdeea4ac4e65d1c2') in 0.029192 seconds
Number of updated asset objects reloaded before import = 0
Number of asset objects unloaded after import = 2
========================================================================
Received Import Request.
  Time since last request: 52.341396 seconds.
  path: Assets/Sprites/mario.gif
  artifactKey: Guid(180a9203079bff34eb77c9c4f7aa5174) Importer(815301076,1909f56bfc062723c751e8b465ee728b)
Start importing Assets/Sprites/mario.gif using Guid(180a9203079bff34eb77c9c4f7aa5174) Importer(815301076,1909f56bfc062723c751e8b465ee728b) [PhysX] Initialized MultithreadedTaskDispatcher with 8 workers.
[PhysX] Initialized MultithreadedTaskDispatcher with 8 workers.
 -> (artifact id: '8f18dbd8258c74fb71f881e05054665c') in 0.046293 seconds
Number of updated asset objects reloaded before import = 0
Number of asset objects unloaded after import = 3
========================================================================
Received Import Request.
  Time since last request: 8.325820 seconds.
  path: Assets/Sprites/mario.gif
  artifactKey: Guid(180a9203079bff34eb77c9c4f7aa5174) Importer(815301076,1909f56bfc062723c751e8b465ee728b)
Start importing Assets/Sprites/mario.gif using Guid(180a9203079bff34eb77c9c4f7aa5174) Importer(815301076,1909f56bfc062723c751e8b465ee728b) [PhysX] Initialized MultithreadedTaskDispatcher with 8 workers.
[PhysX] Initialized MultithreadedTaskDispatcher with 8 workers.
 -> (artifact id: '8c79029f517ed229d749c7de5ca498f0') in 0.025895 seconds
Number of updated asset objects reloaded before import = 0
Number of asset objects unloaded after import = 2
========================================================================
Received Import Request.
  Time since last request: 7.403469 seconds.
  path: Assets/Sprites/mario.gif
  artifactKey: Guid(180a9203079bff34eb77c9c4f7aa5174) Importer(815301076,1909f56bfc062723c751e8b465ee728b)
Start importing Assets/Sprites/mario.gif using Guid(180a9203079bff34eb77c9c4f7aa5174) Importer(815301076,1909f56bfc062723c751e8b465ee728b) [PhysX] Initialized MultithreadedTaskDispatcher with 8 workers.
[PhysX] Initialized MultithreadedTaskDispatcher with 8 workers.
 -> (artifact id: '197c3307432714c036cd187c32bf0512') in 0.279373 seconds
Number of updated asset objects reloaded before import = 0
Number of asset objects unloaded after import = 57
========================================================================
Received Import Request.
  Time since last request: 55.957924 seconds.
  path: Assets/Sprites/stage-1-1.png
  artifactKey: Guid(3fe3ba51876bbd446a420941583b5776) Importer(815301076,1909f56bfc062723c751e8b465ee728b)
Start importing Assets/Sprites/stage-1-1.png using Guid(3fe3ba51876bbd446a420941583b5776) Importer(815301076,1909f56bfc062723c751e8b465ee728b) [PhysX] Initialized MultithreadedTaskDispatcher with 8 workers.
[PhysX] Initialized MultithreadedTaskDispatcher with 8 workers.
 -> (artifact id: 'd4e7748d2fbf965cfb7fa98950474879') in 0.030694 seconds
Number of updated asset objects reloaded before import = 0
Number of asset objects unloaded after import = 2
========================================================================
Received Import Request.
  Time since last request: 28.453040 seconds.
  path: Assets/Sprites/stage-1-1.png
  artifactKey: Guid(3fe3ba51876bbd446a420941583b5776) Importer(815301076,1909f56bfc062723c751e8b465ee728b)
Start importing Assets/Sprites/stage-1-1.png using Guid(3fe3ba51876bbd446a420941583b5776) Importer(815301076,1909f56bfc062723c751e8b465ee728b) [PhysX] Initialized MultithreadedTaskDispatcher with 8 workers.
[PhysX] Initialized MultithreadedTaskDispatcher with 8 workers.
 -> (artifact id: 'a2de902008e4738b3b17d9742e40a5da') in 0.066856 seconds
Number of updated asset objects reloaded before import = 0
Number of asset objects unloaded after import = 13
========================================================================
Received Import Request.
  Time since last request: 172.260788 seconds.
  path: Assets/Sprites/stage-1-1.png
  artifactKey: Guid(3fe3ba51876bbd446a420941583b5776) Importer(815301076,1909f56bfc062723c751e8b465ee728b)
Start importing Assets/Sprites/stage-1-1.png using Guid(3fe3ba51876bbd446a420941583b5776) Importer(815301076,1909f56bfc062723c751e8b465ee728b) [PhysX] Initialized MultithreadedTaskDispatcher with 8 workers.
[PhysX] Initialized MultithreadedTaskDispatcher with 8 workers.
 -> (artifact id: '473b51e2e3ae0b7d9ccc74684844d0b4') in 0.061119 seconds
Number of updated asset objects reloaded before import = 0
Number of asset objects unloaded after import = 13
========================================================================
Received Import Request.
  Time since last request: 119.329064 seconds.
  path: Assets/Sprites/stage-1-1.png
  artifactKey: Guid(3fe3ba51876bbd446a420941583b5776) Importer(815301076,1909f56bfc062723c751e8b465ee728b)
Start importing Assets/Sprites/stage-1-1.png using Guid(3fe3ba51876bbd446a420941583b5776) Importer(815301076,1909f56bfc062723c751e8b465ee728b) [PhysX] Initialized MultithreadedTaskDispatcher with 8 workers.
[PhysX] Initialized MultithreadedTaskDispatcher with 8 workers.
 -> (artifact id: '04f51ab6435a00e1d6b92d1093a4a2b6') in 0.057423 seconds
Number of updated asset objects reloaded before import = 0
Number of asset objects unloaded after import = 13
========================================================================
Received Import Request.
  Time since last request: 61.010736 seconds.
  path: Assets/Sprites/background-objects.png
  artifactKey: Guid(9a96a4d76e1b7d849a3d1638c89d977f) Importer(815301076,1909f56bfc062723c751e8b465ee728b)
Start importing Assets/Sprites/background-objects.png using Guid(9a96a4d76e1b7d849a3d1638c89d977f) Importer(815301076,1909f56bfc062723c751e8b465ee728b) [PhysX] Initialized MultithreadedTaskDispatcher with 8 workers.
[PhysX] Initialized MultithreadedTaskDispatcher with 8 workers.
 -> (artifact id: 'dac66c499282b9a85a23effebb90be2c') in 0.065004 seconds
Number of updated asset objects reloaded before import = 0
Number of asset objects unloaded after import = 3
========================================================================
Received Import Request.
  Time since last request: 6.403367 seconds.
  path: Assets/Sprites/background-objects.png
  artifactKey: Guid(9a96a4d76e1b7d849a3d1638c89d977f) Importer(815301076,1909f56bfc062723c751e8b465ee728b)
Start importing Assets/Sprites/background-objects.png using Guid(9a96a4d76e1b7d849a3d1638c89d977f) Importer(815301076,1909f56bfc062723c751e8b465ee728b) [PhysX] Initialized MultithreadedTaskDispatcher with 8 workers.
[PhysX] Initialized MultithreadedTaskDispatcher with 8 workers.
 -> (artifact id: '7d89b5205032fe8750f104b49a497eab') in 0.036848 seconds
Number of updated asset objects reloaded before import = 0
Number of asset objects unloaded after import = 2
========================================================================
Received Import Request.
  Time since last request: 32.655511 seconds.
  path: Assets/Sprites/tiles.png
  artifactKey: Guid(5519a08e355603342bbf11feb7410776) Importer(815301076,1909f56bfc062723c751e8b465ee728b)
Start importing Assets/Sprites/tiles.png using Guid(5519a08e355603342bbf11feb7410776) Importer(815301076,1909f56bfc062723c751e8b465ee728b) [PhysX] Initialized MultithreadedTaskDispatcher with 8 workers.
[PhysX] Initialized MultithreadedTaskDispatcher with 8 workers.
 -> (artifact id: 'd3ee0e4375cf0cba77b872491be24145') in 0.044174 seconds
Number of updated asset objects reloaded before import = 0
Number of asset objects unloaded after import = 3
========================================================================
Received Import Request.
  Time since last request: 5.205908 seconds.
  path: Assets/Sprites/tiles.png
  artifactKey: Guid(5519a08e355603342bbf11feb7410776) Importer(815301076,1909f56bfc062723c751e8b465ee728b)
Start importing Assets/Sprites/tiles.png using Guid(5519a08e355603342bbf11feb7410776) Importer(815301076,1909f56bfc062723c751e8b465ee728b) [PhysX] Initialized MultithreadedTaskDispatcher with 8 workers.
[PhysX] Initialized MultithreadedTaskDispatcher with 8 workers.
 -> (artifact id: '66505d2c579322e2090f29871deff640') in 0.027473 seconds
Number of updated asset objects reloaded before import = 0
Number of asset objects unloaded after import = 2
========================================================================
Received Import Request.
  Time since last request: 104.715818 seconds.
  path: Assets/Sprites/fondo.png
  artifactKey: Guid(bb4a259af4467a5459b0715ac19dec5d) Importer(815301076,1909f56bfc062723c751e8b465ee728b)
Start importing Assets/Sprites/fondo.png using Guid(bb4a259af4467a5459b0715ac19dec5d) Importer(815301076,1909f56bfc062723c751e8b465ee728b) [PhysX] Initialized MultithreadedTaskDispatcher with 8 workers.
[PhysX] Initialized MultithreadedTaskDispatcher with 8 workers.
 -> (artifact id: '073ef6e61174df086c2f5c9e841c1ac5') in 0.192413 seconds
Number of updated asset objects reloaded before import = 0
Number of asset objects unloaded after import = 3
========================================================================
Received Import Request.
  Time since last request: 5.361049 seconds.
  path: Assets/Sprites/fondo.png
  artifactKey: Guid(bb4a259af4467a5459b0715ac19dec5d) Importer(815301076,1909f56bfc062723c751e8b465ee728b)
Start importing Assets/Sprites/fondo.png using Guid(bb4a259af4467a5459b0715ac19dec5d) Importer(815301076,1909f56bfc062723c751e8b465ee728b) [PhysX] Initialized MultithreadedTaskDispatcher with 8 workers.
[PhysX] Initialized MultithreadedTaskDispatcher with 8 workers.
 -> (artifact id: '81c3ac92af16cf306679a21ff9c2d337') in 0.033946 seconds
Number of updated asset objects reloaded before import = 0
Number of asset objects unloaded after import = 2
========================================================================
Received Import Request.
  Time since last request: 311.037552 seconds.
  path: Assets/Sprites/fondo.png
  artifactKey: Guid(bb4a259af4467a5459b0715ac19dec5d) Importer(815301076,1909f56bfc062723c751e8b465ee728b)
Start importing Assets/Sprites/fondo.png using Guid(bb4a259af4467a5459b0715ac19dec5d) Importer(815301076,1909f56bfc062723c751e8b465ee728b) [PhysX] Initialized MultithreadedTaskDispatcher with 8 workers.
[PhysX] Initialized MultithreadedTaskDispatcher with 8 workers.
 -> (artifact id: '744784ee73224a21fc0df305d897f367') in 0.057379 seconds
Number of updated asset objects reloaded before import = 0
Number of asset objects unloaded after import = 2
========================================================================
Received Import Request.
  Time since last request: 23.591704 seconds.
  path: Assets/Sprites/fondo.png
  artifactKey: Guid(bb4a259af4467a5459b0715ac19dec5d) Importer(815301076,1909f56bfc062723c751e8b465ee728b)
Start importing Assets/Sprites/fondo.png using Guid(bb4a259af4467a5459b0715ac19dec5d) Importer(815301076,1909f56bfc062723c751e8b465ee728b) [PhysX] Initialized MultithreadedTaskDispatcher with 8 workers.
[PhysX] Initialized MultithreadedTaskDispatcher with 8 workers.
 -> (artifact id: '34ee3425cd31c1327cc0b7a6f5c18561') in 0.075191 seconds
Number of updated asset objects reloaded before import = 0
Number of asset objects unloaded after import = 10
========================================================================
Received Import Request.
  Time since last request: 115.564635 seconds.
  path: Assets/Sprites/fondo.png
  artifactKey: Guid(bb4a259af4467a5459b0715ac19dec5d) Importer(815301076,1909f56bfc062723c751e8b465ee728b)
Start importing Assets/Sprites/fondo.png using Guid(bb4a259af4467a5459b0715ac19dec5d) Importer(815301076,1909f56bfc062723c751e8b465ee728b) [PhysX] Initialized MultithreadedTaskDispatcher with 8 workers.
[PhysX] Initialized MultithreadedTaskDispatcher with 8 workers.
 -> (artifact id: 'f3255d36ccb5bbbc5869eb30fd19871e') in 0.098700 seconds
Number of updated asset objects reloaded before import = 0
Number of asset objects unloaded after import = 10
========================================================================
Received Import Request.
  Time since last request: 65.851773 seconds.
  path: Assets/Sprites/fond.png
  artifactKey: Guid(5189b159278bdc64c86efb36fb917303) Importer(815301076,1909f56bfc062723c751e8b465ee728b)
Start importing Assets/Sprites/fond.png using Guid(5189b159278bdc64c86efb36fb917303) Importer(815301076,1909f56bfc062723c751e8b465ee728b) [PhysX] Initialized MultithreadedTaskDispatcher with 8 workers.
[PhysX] Initialized MultithreadedTaskDispatcher with 8 workers.
 -> (artifact id: '092377d44a07decc0fdf157f7b6a8ac0') in 0.080916 seconds
Number of updated asset objects reloaded before import = 0
Number of asset objects unloaded after import = 3
========================================================================
Received Import Request.
  Time since last request: 8.324108 seconds.
  path: Assets/Sprites/fond.png
  artifactKey: Guid(5189b159278bdc64c86efb36fb917303) Importer(815301076,1909f56bfc062723c751e8b465ee728b)
Start importing Assets/Sprites/fond.png using Guid(5189b159278bdc64c86efb36fb917303) Importer(815301076,1909f56bfc062723c751e8b465ee728b) [PhysX] Initialized MultithreadedTaskDispatcher with 8 workers.
[PhysX] Initialized MultithreadedTaskDispatcher with 8 workers.
 -> (artifact id: '0f92c98bf486f8dabbcf63d058c693aa') in 0.031524 seconds
Number of updated asset objects reloaded before import = 0
Number of asset objects unloaded after import = 2
========================================================================
Received Import Request.
  Time since last request: 7.176340 seconds.
  path: Assets/Sprites/fond.png
  artifactKey: Guid(5189b159278bdc64c86efb36fb917303) Importer(815301076,1909f56bfc062723c751e8b465ee728b)
Start importing Assets/Sprites/fond.png using Guid(5189b159278bdc64c86efb36fb917303) Importer(815301076,1909f56bfc062723c751e8b465ee728b) [PhysX] Initialized MultithreadedTaskDispatcher with 8 workers.
[PhysX] Initialized MultithreadedTaskDispatcher with 8 workers.
 -> (artifact id: 'f63b34503a6e95f67a6e7262976462fa') in 0.054862 seconds
Number of updated asset objects reloaded before import = 0
Number of asset objects unloaded after import = 7
========================================================================
Received Import Request.
  Time since last request: 124.131930 seconds.
  path: Assets/Sprites/stage-1-1.png
  artifactKey: Guid(3fe3ba51876bbd446a420941583b5776) Importer(815301076,1909f56bfc062723c751e8b465ee728b)
Start importing Assets/Sprites/stage-1-1.png using Guid(3fe3ba51876bbd446a420941583b5776) Importer(815301076,1909f56bfc062723c751e8b465ee728b) [PhysX] Initialized MultithreadedTaskDispatcher with 8 workers.
[PhysX] Initialized MultithreadedTaskDispatcher with 8 workers.
 -> (artifact id: 'bd8b79863576ca79feead60a66ecee7e') in 3.344441 seconds
Number of updated asset objects reloaded before import = 0
Number of asset objects unloaded after import = 1316
========================================================================
Received Import Request.
  Time since last request: 219.211214 seconds.
  path: Assets/Sprites/1-1.prefab
  artifactKey: Guid(575c21fbdc0b18a4dab5cf0031c7b8cb) Importer(815301076,1909f56bfc062723c751e8b465ee728b)
Start importing Assets/Sprites/1-1.prefab using Guid(575c21fbdc0b18a4dab5cf0031c7b8cb) Importer(815301076,1909f56bfc062723c751e8b465ee728b) [PhysX] Initialized MultithreadedTaskDispatcher with 8 workers.
[PhysX] Initialized MultithreadedTaskDispatcher with 8 workers.
 -> (artifact id: '091023fe942c92c25ddfae14414978da') in 0.287372 seconds
Number of updated asset objects reloaded before import = 0
Number of asset objects unloaded after import = 10
========================================================================
Received Import Request.
  Time since last request: 70.858212 seconds.
  path: Assets/Sprites/stage-1-1_1040.asset
  artifactKey: Guid(ea00215ad94080445b832c463d81a644) Importer(815301076,1909f56bfc062723c751e8b465ee728b)
Start importing Assets/Sprites/stage-1-1_1040.asset using Guid(ea00215ad94080445b832c463d81a644) Importer(815301076,1909f56bfc062723c751e8b465ee728b) [PhysX] Initialized MultithreadedTaskDispatcher with 8 workers.
 -> (artifact id: '6e2254ae8bc15f28be530292460b2df7') in 0.102835 seconds
Number of updated asset objects reloaded before import = 0
Number of asset objects unloaded after import = 3
========================================================================
Received Import Request.
  Time since last request: 0.000042 seconds.
  path: Assets/Sprites/stage-1-1_1044.asset
  artifactKey: Guid(61c02e19e54242840b39fb0fcf85d9ef) Importer(815301076,1909f56bfc062723c751e8b465ee728b)
Start importing Assets/Sprites/stage-1-1_1044.asset using Guid(61c02e19e54242840b39fb0fcf85d9ef) Importer(815301076,1909f56bfc062723c751e8b465ee728b) [PhysX] Initialized MultithreadedTaskDispatcher with 8 workers.
 -> (artifact id: '57ec375df98258a7b949190575d5d983') in 0.027787 seconds
Number of updated asset objects reloaded before import = 0
Number of asset objects unloaded after import = 3
========================================================================
Received Import Request.
  Time since last request: 126.599192 seconds.
  path: Assets/Sprites/1-1.prefab
  artifactKey: Guid(575c21fbdc0b18a4dab5cf0031c7b8cb) Importer(815301076,1909f56bfc062723c751e8b465ee728b)
Start importing Assets/Sprites/1-1.prefab using Guid(575c21fbdc0b18a4dab5cf0031c7b8cb) Importer(815301076,1909f56bfc062723c751e8b465ee728b) [PhysX] Initialized MultithreadedTaskDispatcher with 8 workers.
[PhysX] Initialized MultithreadedTaskDispatcher with 8 workers.
 -> (artifact id: 'c71db8eb7c78a141f1369ba9e471d0e3') in 0.123071 seconds
Number of updated asset objects reloaded before import = 0
Number of asset objects unloaded after import = 19
========================================================================
Received Import Request.
  Time since last request: 23.419951 seconds.
  path: Assets/Sprites/stage-1-1.png
  artifactKey: Guid(3fe3ba51876bbd446a420941583b5776) Importer(815301076,1909f56bfc062723c751e8b465ee728b)
Start importing Assets/Sprites/stage-1-1.png using Guid(3fe3ba51876bbd446a420941583b5776) Importer(815301076,1909f56bfc062723c751e8b465ee728b) [PhysX] Initialized MultithreadedTaskDispatcher with 8 workers.
[PhysX] Initialized MultithreadedTaskDispatcher with 8 workers.
 -> (artifact id: '6f32ea0c39f84d015cc10fe9261b5647') in 3.572241 seconds
Number of updated asset objects reloaded before import = 0
Number of asset objects unloaded after import = 1316
========================================================================
Received Import Request.
  Time since last request: 85.605931 seconds.
  path: Assets/Sprites/stage-1-1.png
  artifactKey: Guid(3fe3ba51876bbd446a420941583b5776) Importer(815301076,1909f56bfc062723c751e8b465ee728b)
Start importing Assets/Sprites/stage-1-1.png using Guid(3fe3ba51876bbd446a420941583b5776) Importer(815301076,1909f56bfc062723c751e8b465ee728b) [PhysX] Initialized MultithreadedTaskDispatcher with 8 workers.
[PhysX] Initialized MultithreadedTaskDispatcher with 8 workers.
 -> (artifact id: 'a141c8d1116af76c675594248399125c') in 2.989067 seconds
Number of updated asset objects reloaded before import = 0
Number of asset objects unloaded after import = 1316
========================================================================
Received Import Request.
  Time since last request: 7.437269 seconds.
  path: Assets/Sprites/stage-1-1.png
  artifactKey: Guid(3fe3ba51876bbd446a420941583b5776) Importer(815301076,1909f56bfc062723c751e8b465ee728b)
Start importing Assets/Sprites/stage-1-1.png using Guid(3fe3ba51876bbd446a420941583b5776) Importer(815301076,1909f56bfc062723c751e8b465ee728b) [PhysX] Initialized MultithreadedTaskDispatcher with 8 workers.
[PhysX] Initialized MultithreadedTaskDispatcher with 8 workers.
 -> (artifact id: '7ffde13b35541d620cc99b4549ddb309') in 3.124227 seconds
Number of updated asset objects reloaded before import = 0
Number of asset objects unloaded after import = 1316
========================================================================
Received Import Request.
  Time since last request: 264.604222 seconds.
  path: Assets/Sprites/mundo 1-1.png
  artifactKey: Guid(120765e3f7d918b49b5d1caac22aa318) Importer(815301076,1909f56bfc062723c751e8b465ee728b)
Start importing Assets/Sprites/mundo 1-1.png using Guid(120765e3f7d918b49b5d1caac22aa318) Importer(815301076,1909f56bfc062723c751e8b465ee728b) [PhysX] Initialized MultithreadedTaskDispatcher with 8 workers.
[PhysX] Initialized MultithreadedTaskDispatcher with 8 workers.
 -> (artifact id: '7d663b45ae92901a7d98b9cfe0abc32c') in 0.015261 seconds
Number of updated asset objects reloaded before import = 0
Number of asset objects unloaded after import = 3
========================================================================
Received Import Request.
  Time since last request: 2.667130 seconds.
  path: Assets/Sprites/stage-1-1_861.asset
  artifactKey: Guid(cdd899783a3571c489dcbf8ceff4d136) Importer(815301076,1909f56bfc062723c751e8b465ee728b)
Start importing Assets/Sprites/stage-1-1_861.asset using Guid(cdd899783a3571c489dcbf8ceff4d136) Importer(815301076,1909f56bfc062723c751e8b465ee728b) [PhysX] Initialized MultithreadedTaskDispatcher with 8 workers.
 -> (artifact id: 'f8a7583892ac511a76a00c5fffa7003d') in 0.041375 seconds
Number of updated asset objects reloaded before import = 0
Number of asset objects unloaded after import = 3
========================================================================
Received Import Request.
  Time since last request: 0.001502 seconds.
  path: Assets/Sprites/stage-1-1_1041.asset
  artifactKey: Guid(88e68cfe6b6e5a24dbcf6781649e5d6e) Importer(815301076,1909f56bfc062723c751e8b465ee728b)
Start importing Assets/Sprites/stage-1-1_1041.asset using Guid(88e68cfe6b6e5a24dbcf6781649e5d6e) Importer(815301076,1909f56bfc062723c751e8b465ee728b) [PhysX] Initialized MultithreadedTaskDispatcher with 8 workers.
 -> (artifact id: 'ec7f3a2c97443b9cfc6abbb977312e1b') in 0.036704 seconds
Number of updated asset objects reloaded before import = 0
Number of asset objects unloaded after import = 3
========================================================================
Received Import Request.
  Time since last request: 44.299573 seconds.
  path: ProjectSettings/TagManager.asset
  artifactKey: Guid(00000000000000003000000000000000) Importer(815301076,1909f56bfc062723c751e8b465ee728b)
Start importing ProjectSettings/TagManager.asset using Guid(00000000000000003000000000000000) Importer(815301076,1909f56bfc062723c751e8b465ee728b) [PhysX] Initialized MultithreadedTaskDispatcher with 8 workers.
 -> (artifact id: '2a50000527dc0c561b95148eeb7bc7d6') in 0.006650 seconds
Number of updated asset objects reloaded before import = 0
Number of asset objects unloaded after import = 0
========================================================================
Received Import Request.
  Time since last request: 313.020854 seconds.
  path: Assets/Sprites/mario.gif
  artifactKey: Guid(180a9203079bff34eb77c9c4f7aa5174) Importer(815301076,1909f56bfc062723c751e8b465ee728b)
Start importing Assets/Sprites/mario.gif using Guid(180a9203079bff34eb77c9c4f7aa5174) Importer(815301076,1909f56bfc062723c751e8b465ee728b) [PhysX] Initialized MultithreadedTaskDispatcher with 8 workers.
[PhysX] Initialized MultithreadedTaskDispatcher with 8 workers.
 -> (artifact id: '7f0bd6e26f793ec55ef837bf64294421') in 0.206067 seconds
Number of updated asset objects reloaded before import = 0
Number of asset objects unloaded after import = 57
========================================================================
Received Import Request.
  Time since last request: 1599.258311 seconds.
  path: Assets/Sprites/stage-1-1_704.asset
  artifactKey: Guid(2c033e3f044160f49a8100798f60d11f) Importer(815301076,1909f56bfc062723c751e8b465ee728b)
Start importing Assets/Sprites/stage-1-1_704.asset using Guid(2c033e3f044160f49a8100798f60d11f) Importer(815301076,1909f56bfc062723c751e8b465ee728b) [PhysX] Initialized MultithreadedTaskDispatcher with 8 workers.
 -> (artifact id: '890a4a83e386e5467fa1c9c7d68e21ba') in 0.078457 seconds
Number of updated asset objects reloaded before import = 0
Number of asset objects unloaded after import = 3
========================================================================
Received Import Request.
  Time since last request: 0.000127 seconds.
  path: Assets/Sprites/stage-1-1_706.asset
  artifactKey: Guid(21300039ce24832468c2c81420631f11) Importer(815301076,1909f56bfc062723c751e8b465ee728b)
Start importing Assets/Sprites/stage-1-1_706.asset using Guid(21300039ce24832468c2c81420631f11) Importer(815301076,1909f56bfc062723c751e8b465ee728b) [PhysX] Initialized MultithreadedTaskDispatcher with 8 workers.
 -> (artifact id: 'd61600a878d7b11d9052acdf88203c70') in 0.035248 seconds
Number of updated asset objects reloaded before import = 0
Number of asset objects unloaded after import = 3
========================================================================
Received Import Request.
  Time since last request: 0.102623 seconds.
  path: Assets/Sprites/stage-1-1_720.asset
  artifactKey: Guid(3219f15a2d5bfe44bb47f6059b6329f7) Importer(815301076,1909f56bfc062723c751e8b465ee728b)
Start importing Assets/Sprites/stage-1-1_720.asset using Guid(3219f15a2d5bfe44bb47f6059b6329f7) Importer(815301076,1909f56bfc062723c751e8b465ee728b) [PhysX] Initialized MultithreadedTaskDispatcher with 8 workers.
 -> (artifact id: 'c6ad0ee0176846c711d40ddfafc3635f') in 0.033809 seconds
Number of updated asset objects reloaded before import = 0
Number of asset objects unloaded after import = 3
========================================================================
Received Import Request.
  Time since last request: 298.112661 seconds.
  path: Assets/Sprites/stage-1-1_210.asset
  artifactKey: Guid(f936686533b40074abc11a955480d108) Importer(815301076,1909f56bfc062723c751e8b465ee728b)
Start importing Assets/Sprites/stage-1-1_210.asset using Guid(f936686533b40074abc11a955480d108) Importer(815301076,1909f56bfc062723c751e8b465ee728b) [PhysX] Initialized MultithreadedTaskDispatcher with 8 workers.
 -> (artifact id: '6bfda87901e7e5170e96c87d4c378f11') in 0.047445 seconds
Number of updated asset objects reloaded before import = 0
Number of asset objects unloaded after import = 3
========================================================================
Received Import Request.
  Time since last request: 0.000043 seconds.
  path: Assets/Sprites/stage-1-1_656.asset
  artifactKey: Guid(f0b82eee0480a994fa3da9357dbc2ae6) Importer(815301076,1909f56bfc062723c751e8b465ee728b)
Start importing Assets/Sprites/stage-1-1_656.asset using Guid(f0b82eee0480a994fa3da9357dbc2ae6) Importer(815301076,1909f56bfc062723c751e8b465ee728b) [PhysX] Initialized MultithreadedTaskDispatcher with 8 workers.
 -> (artifact id: '881bc2dc7c80e279c0d101007d00ba83') in 0.034945 seconds
Number of updated asset objects reloaded before import = 0
Number of asset objects unloaded after import = 3
========================================================================
Received Prepare
Caller must complete domain reload
Begin MonoManager ReloadAssembly
- Loaded All Assemblies, in  1.142 seconds
Native extension for WindowsStandalone target not found
Mono: successfully reloaded assembly
- Finished resetting the current domain, in  1.489 seconds
Domain Reload Profiling: 2631ms
	BeginReloadAssembly (602ms)
		ExecutionOrderSort (1ms)
		DisableScriptedObjects (62ms)
		BackupInstance (0ms)
		ReleaseScriptingObjects (1ms)
		CreateAndSetChildDomain (230ms)
	RebuildCommonClasses (63ms)
	RebuildNativeTypeToScriptingClass (12ms)
	initialDomainReloadingComplete (56ms)
	LoadAllAssembliesAndSetupDomain (408ms)
		LoadAssemblies (576ms)
		RebuildTransferFunctionScriptingTraits (0ms)
		AnalyzeDomain (26ms)
			TypeCache.Refresh (18ms)
				TypeCache.ScanAssembly (0ms)
			ScanForSourceGeneratedMonoScriptInfo (1ms)
			ResolveRequiredComponents (5ms)
	FinalizeReload (1490ms)
		ReleaseScriptCaches (0ms)
		RebuildScriptCaches (0ms)
		SetupLoadedEditorAssemblies (762ms)
			LogAssemblyErrors (0ms)
			InitializePlatformSupportModulesInManaged (29ms)
			SetLoadedEditorAssemblies (10ms)
			RefreshPlugins (0ms)
			BeforeProcessingInitializeOnLoad (104ms)
			ProcessInitializeOnLoadAttributes (467ms)
			ProcessInitializeOnLoadMethodAttributes (59ms)
			AfterProcessingInitializeOnLoad (91ms)
			EditorAssembliesLoaded (2ms)
		ExecutionOrderSort2 (0ms)
		AwakeInstancesAfterBackupRestoration (29ms)
Refreshing native plugins compatible for Editor in 1.45 ms, found 0 plugins.
Preloading 0 native plugins for Editor in 0.00 ms.
Unloading 815 Unused Serialized files (Serialized files now loaded: 0)
Unloading 4 unused Assets / (23.4 KB). Loaded Objects now: 1402.
Memory consumption went from 72.0 MB to 72.0 MB.
Total: 5.808100 ms (FindLiveObjects: 0.200800 ms CreateObjectMapping: 0.059600 ms MarkObjects: 5.464800 ms  DeleteObjects: 0.080800 ms)

Prepare: number of updated asset objects reloaded= 0
AssetImportParameters requested are different than current active one (requested -> active):
  custom:video-encoder-webm-vp8: eb34c28f22e8b96e1ab97ce403110664 -> 
  custom:video-decoder-webm-vp8: 9c59270c3fd7afecdb556c50c9e8de78 -> 
  custom:audio-decoder-ogg-vorbis: bf7c407c2cedff20999df2af8eb42d56 -> 
  custom:SearchIndexIgnoredProperties: e643bd26f0fe6173181afceb89e7c659 -> 
  custom:container-demuxer-ogg: 62fdf1f143b41e24485cea50d1cbac27 -> 
  custom:AudioImporter_EditorPlatform: d09bf68614088b80899f8185d706f6e7 -> 
  custom:CustomObjectIndexerAttribute: 9a22284fe3817be447336de3de66b15e -> 
  custom:container-demuxer-webm: 4f35f7cbe854078d1ac9338744f61a02 -> 
  custom:video-codec-MediaFoundation-h265: 746d11721c4dcdbdad8f713fa42b33f4 -> 
  custom:video-decoder-ogg-theora: a1e56fd34408186e4bbccfd4996cb3dc -> 
  custom:audio-encoder-webm-vorbis: bf7c407c2cedff20999df2af8eb42d56 -> 
  custom:framework-win-MediaFoundation: 216162199b28c13a410421893ffa2e32 -> 
  custom:container-muxer-webm: aa71ff27fc2769a1b78a27578f13a17b -> 
========================================================================
Received Prepare
Caller must complete domain reload
Begin MonoManager ReloadAssembly
- Loaded All Assemblies, in  0.498 seconds
Native extension for WindowsStandalone target not found
Mono: successfully reloaded assembly
- Finished resetting the current domain, in  0.771 seconds
Domain Reload Profiling: 1267ms
	BeginReloadAssembly (198ms)
		ExecutionOrderSort (0ms)
		DisableScriptedObjects (10ms)
		BackupInstance (0ms)
		ReleaseScriptingObjects (0ms)
		CreateAndSetChildDomain (32ms)
	RebuildCommonClasses (44ms)
	RebuildNativeTypeToScriptingClass (16ms)
	initialDomainReloadingComplete (39ms)
	LoadAllAssembliesAndSetupDomain (197ms)
		LoadAssemblies (309ms)
		RebuildTransferFunctionScriptingTraits (0ms)
		AnalyzeDomain (7ms)
			TypeCache.Refresh (5ms)
				TypeCache.ScanAssembly (0ms)
			ScanForSourceGeneratedMonoScriptInfo (0ms)
			ResolveRequiredComponents (1ms)
	FinalizeReload (772ms)
		ReleaseScriptCaches (0ms)
		RebuildScriptCaches (0ms)
		SetupLoadedEditorAssemblies (462ms)
			LogAssemblyErrors (0ms)
			InitializePlatformSupportModulesInManaged (7ms)
			SetLoadedEditorAssemblies (4ms)
			RefreshPlugins (0ms)
			BeforeProcessingInitializeOnLoad (62ms)
			ProcessInitializeOnLoadAttributes (328ms)
			ProcessInitializeOnLoadMethodAttributes (45ms)
			AfterProcessingInitializeOnLoad (16ms)
			EditorAssembliesLoaded (0ms)
		ExecutionOrderSort2 (0ms)
		AwakeInstancesAfterBackupRestoration (18ms)
Refreshing native plugins compatible for Editor in 1.72 ms, found 0 plugins.
Preloading 0 native plugins for Editor in 0.00 ms.
Unloading 816 Unused Serialized files (Serialized files now loaded: 0)
Unloading 4 unused Assets / (23.3 KB). Loaded Objects now: 1405.
Memory consumption went from 72.3 MB to 72.2 MB.
Total: 6.088300 ms (FindLiveObjects: 0.183200 ms CreateObjectMapping: 0.085900 ms MarkObjects: 5.752800 ms  DeleteObjects: 0.063200 ms)

Prepare: number of updated asset objects reloaded= 0
AssetImportParameters requested are different than current active one (requested -> active):
  custom:video-encoder-webm-vp8: eb34c28f22e8b96e1ab97ce403110664 -> 
  custom:video-decoder-webm-vp8: 9c59270c3fd7afecdb556c50c9e8de78 -> 
  custom:audio-decoder-ogg-vorbis: bf7c407c2cedff20999df2af8eb42d56 -> 
  custom:SearchIndexIgnoredProperties: e643bd26f0fe6173181afceb89e7c659 -> 
  custom:container-demuxer-ogg: 62fdf1f143b41e24485cea50d1cbac27 -> 
  custom:AudioImporter_EditorPlatform: d09bf68614088b80899f8185d706f6e7 -> 
  custom:CustomObjectIndexerAttribute: 9a22284fe3817be447336de3de66b15e -> 
  custom:container-demuxer-webm: 4f35f7cbe854078d1ac9338744f61a02 -> 
  custom:video-codec-MediaFoundation-h265: 746d11721c4dcdbdad8f713fa42b33f4 -> 
  custom:video-decoder-ogg-theora: a1e56fd34408186e4bbccfd4996cb3dc -> 
  custom:audio-encoder-webm-vorbis: bf7c407c2cedff20999df2af8eb42d56 -> 
  custom:framework-win-MediaFoundation: 216162199b28c13a410421893ffa2e32 -> 
  custom:container-muxer-webm: aa71ff27fc2769a1b78a27578f13a17b -> 
========================================================================
Received Prepare
Caller must complete domain reload
Begin MonoManager ReloadAssembly
- Loaded All Assemblies, in  0.517 seconds
Native extension for WindowsStandalone target not found
Mono: successfully reloaded assembly
- Finished resetting the current domain, in  0.737 seconds
Domain Reload Profiling: 1254ms
	BeginReloadAssembly (206ms)
		ExecutionOrderSort (0ms)
		DisableScriptedObjects (8ms)
		BackupInstance (0ms)
		ReleaseScriptingObjects (0ms)
		CreateAndSetChildDomain (30ms)
	RebuildCommonClasses (63ms)
	RebuildNativeTypeToScriptingClass (12ms)
	initialDomainReloadingComplete (35ms)
	LoadAllAssembliesAndSetupDomain (199ms)
		LoadAssemblies (326ms)
		RebuildTransferFunctionScriptingTraits (0ms)
		AnalyzeDomain (6ms)
			TypeCache.Refresh (4ms)
				TypeCache.ScanAssembly (0ms)
			ScanForSourceGeneratedMonoScriptInfo (0ms)
			ResolveRequiredComponents (1ms)
	FinalizeReload (739ms)
		ReleaseScriptCaches (0ms)
		RebuildScriptCaches (0ms)
		SetupLoadedEditorAssemblies (450ms)
			LogAssemblyErrors (0ms)
			InitializePlatformSupportModulesInManaged (8ms)
			SetLoadedEditorAssemblies (5ms)
			RefreshPlugins (0ms)
			BeforeProcessingInitializeOnLoad (68ms)
			ProcessInitializeOnLoadAttributes (303ms)
			ProcessInitializeOnLoadMethodAttributes (51ms)
			AfterProcessingInitializeOnLoad (15ms)
			EditorAssembliesLoaded (0ms)
		ExecutionOrderSort2 (0ms)
		AwakeInstancesAfterBackupRestoration (13ms)
Refreshing native plugins compatible for Editor in 1.23 ms, found 0 plugins.
Preloading 0 native plugins for Editor in 0.00 ms.
Unloading 816 Unused Serialized files (Serialized files now loaded: 0)
Unloading 4 unused Assets / (23.3 KB). Loaded Objects now: 1408.
Memory consumption went from 72.3 MB to 72.3 MB.
Total: 4.174400 ms (FindLiveObjects: 0.199500 ms CreateObjectMapping: 0.084200 ms MarkObjects: 3.845800 ms  DeleteObjects: 0.043200 ms)

Prepare: number of updated asset objects reloaded= 0
AssetImportParameters requested are different than current active one (requested -> active):
  custom:video-encoder-webm-vp8: eb34c28f22e8b96e1ab97ce403110664 -> 
  custom:video-decoder-webm-vp8: 9c59270c3fd7afecdb556c50c9e8de78 -> 
  custom:audio-decoder-ogg-vorbis: bf7c407c2cedff20999df2af8eb42d56 -> 
  custom:SearchIndexIgnoredProperties: e643bd26f0fe6173181afceb89e7c659 -> 
  custom:container-demuxer-ogg: 62fdf1f143b41e24485cea50d1cbac27 -> 
  custom:AudioImporter_EditorPlatform: d09bf68614088b80899f8185d706f6e7 -> 
  custom:CustomObjectIndexerAttribute: 9a22284fe3817be447336de3de66b15e -> 
  custom:container-demuxer-webm: 4f35f7cbe854078d1ac9338744f61a02 -> 
  custom:video-codec-MediaFoundation-h265: 746d11721c4dcdbdad8f713fa42b33f4 -> 
  custom:video-decoder-ogg-theora: a1e56fd34408186e4bbccfd4996cb3dc -> 
  custom:audio-encoder-webm-vorbis: bf7c407c2cedff20999df2af8eb42d56 -> 
  custom:framework-win-MediaFoundation: 216162199b28c13a410421893ffa2e32 -> 
  custom:container-muxer-webm: aa71ff27fc2769a1b78a27578f13a17b -> 
========================================================================
Received Import Request.
  Time since last request: 641.181231 seconds.
  path: Assets/Sprites/Animations/MarioAnimator.controller
  artifactKey: Guid(6b80f18cfe62a6f42a93b0b789d8ce06) Importer(815301076,1909f56bfc062723c751e8b465ee728b)
Start importing Assets/Sprites/Animations/MarioAnimator.controller using Guid(6b80f18cfe62a6f42a93b0b789d8ce06) Importer(815301076,1909f56bfc062723c751e8b465ee728b) [PhysX] Initialized MultithreadedTaskDispatcher with 8 workers.
 -> (artifact id: '3ed7baba53b284029f920a6551d64499') in 0.020453 seconds
Number of updated asset objects reloaded before import = 0
Number of asset objects unloaded after import = 1
========================================================================
Received Import Request.
  Time since last request: 133.617788 seconds.
  path: Assets/Sprites/1-1.prefab
  artifactKey: Guid(575c21fbdc0b18a4dab5cf0031c7b8cb) Importer(815301076,1909f56bfc062723c751e8b465ee728b)
Start importing Assets/Sprites/1-1.prefab using Guid(575c21fbdc0b18a4dab5cf0031c7b8cb) Importer(815301076,1909f56bfc062723c751e8b465ee728b) [PhysX] Initialized MultithreadedTaskDispatcher with 8 workers.
[PhysX] Initialized MultithreadedTaskDispatcher with 8 workers.
 -> (artifact id: '623211dd8c00d968cb6980adac7da22a') in 0.501446 seconds
Number of updated asset objects reloaded before import = 0
Number of asset objects unloaded after import = 81
========================================================================
Received Prepare
Caller must complete domain reload
Begin MonoManager ReloadAssembly
- Loaded All Assemblies, in  1.894 seconds
Native extension for WindowsStandalone target not found
Mono: successfully reloaded assembly
- Finished resetting the current domain, in  1.938 seconds
Domain Reload Profiling: 3831ms
	BeginReloadAssembly (151ms)
		ExecutionOrderSort (0ms)
		DisableScriptedObjects (6ms)
		BackupInstance (0ms)
		ReleaseScriptingObjects (0ms)
		CreateAndSetChildDomain (26ms)
	RebuildCommonClasses (257ms)
	RebuildNativeTypeToScriptingClass (13ms)
	initialDomainReloadingComplete (31ms)
	LoadAllAssembliesAndSetupDomain (1442ms)
		LoadAssemblies (1521ms)
		RebuildTransferFunctionScriptingTraits (0ms)
		AnalyzeDomain (8ms)
			TypeCache.Refresh (5ms)
				TypeCache.ScanAssembly (0ms)
			ScanForSourceGeneratedMonoScriptInfo (0ms)
			ResolveRequiredComponents (1ms)
	FinalizeReload (1939ms)
		ReleaseScriptCaches (0ms)
		RebuildScriptCaches (0ms)
		SetupLoadedEditorAssemblies (419ms)
			LogAssemblyErrors (0ms)
			InitializePlatformSupportModulesInManaged (9ms)
			SetLoadedEditorAssemblies (6ms)
			RefreshPlugins (0ms)
			BeforeProcessingInitializeOnLoad (62ms)
			ProcessInitializeOnLoadAttributes (291ms)
			ProcessInitializeOnLoadMethodAttributes (41ms)
			AfterProcessingInitializeOnLoad (9ms)
			EditorAssembliesLoaded (0ms)
		ExecutionOrderSort2 (0ms)
		AwakeInstancesAfterBackupRestoration (10ms)
Refreshing native plugins compatible for Editor in 1.16 ms, found 0 plugins.
Preloading 0 native plugins for Editor in 0.00 ms.
Unloading 815 Unused Serialized files (Serialized files now loaded: 0)
Unloading 4 unused Assets / (23.3 KB). Loaded Objects now: 1413.
Memory consumption went from 72.1 MB to 72.0 MB.
Total: 3.570900 ms (FindLiveObjects: 0.120600 ms CreateObjectMapping: 0.035900 ms MarkObjects: 3.363100 ms  DeleteObjects: 0.049700 ms)

Prepare: number of updated asset objects reloaded= 0
AssetImportParameters requested are different than current active one (requested -> active):
  custom:video-encoder-webm-vp8: eb34c28f22e8b96e1ab97ce403110664 -> 
  custom:video-decoder-webm-vp8: 9c59270c3fd7afecdb556c50c9e8de78 -> 
  custom:audio-decoder-ogg-vorbis: bf7c407c2cedff20999df2af8eb42d56 -> 
  custom:SearchIndexIgnoredProperties: e643bd26f0fe6173181afceb89e7c659 -> 
  custom:container-demuxer-ogg: 62fdf1f143b41e24485cea50d1cbac27 -> 
  custom:AudioImporter_EditorPlatform: d09bf68614088b80899f8185d706f6e7 -> 
  custom:CustomObjectIndexerAttribute: 9a22284fe3817be447336de3de66b15e -> 
  custom:container-demuxer-webm: 4f35f7cbe854078d1ac9338744f61a02 -> 
  custom:video-codec-MediaFoundation-h265: 746d11721c4dcdbdad8f713fa42b33f4 -> 
  custom:video-decoder-ogg-theora: a1e56fd34408186e4bbccfd4996cb3dc -> 
  custom:audio-encoder-webm-vorbis: bf7c407c2cedff20999df2af8eb42d56 -> 
  custom:framework-win-MediaFoundation: 216162199b28c13a410421893ffa2e32 -> 
  custom:container-muxer-webm: aa71ff27fc2769a1b78a27578f13a17b -> 
